<?xml version="1.0" encoding="UTF-8"?>
<!-- Generated by org.testng.reporters.JUnitXMLReporter -->
<testsuite ignored="0" hostname="USPL-298" failures="0" tests="25" name="Default test" time="192.68" errors="0" timestamp="2024-11-08T18:08:00 IST">
  <testcase classname="OPD_Flow_wise.OPD_Driver" name="patientRegLogin" time="5.615"/>
  <testcase classname="OPD_Flow_wise.OPD_Driver" name="patientReg" time="22.201"/>
  <testcase classname="OPD_Flow_wise.OPD_Driver" name="bookAppointment" time="20.904"/>
  <testcase classname="OPD_Flow_wise.OPD_Driver" name="frontOfficeLogout" time="2.363"/>
  <testcase classname="OPD_Flow_wise.OPD_Driver" name="DoctorLogin" time="2.534"/>
  <testcase classname="OPD_Flow_wise.OPD_Driver" name="DoctorEMR" time="26.952"/>
  <testcase classname="OPD_Flow_wise.OPD_Driver" name="doctorLogout" time="2.37"/>
  <testcase classname="OPD_Flow_wise.OPD_Driver" name="bookTestLogin" time="2.545"/>
  <testcase classname="OPD_Flow_wise.OPD_Driver" name="bookLabTest" time="29.413"/>
  <testcase classname="OPD_Flow_wise.OPD_Driver" name="bookTestLogout" time="7.198"/>
  <testcase classname="OPD_Flow_wise.OPD_Driver" name="LabFOLogin" time="2.593"/>
  <testcase classname="OPD_Flow_wise.OPD_Driver" name="assignPheblotomist" time="3.612"/>
  <testcase classname="OPD_Flow_wise.OPD_Driver" name="labFOLogout" time="2.372"/>
  <testcase classname="OPD_Flow_wise.OPD_Driver" name="phlebotomistLogin" time="2.579"/>
  <testcase classname="OPD_Flow_wise.OPD_Driver" name="collectSample" time="7.314"/>
  <testcase classname="OPD_Flow_wise.OPD_Driver" name="phlebotomistLogout" time="2.368"/>
  <testcase classname="OPD_Flow_wise.OPD_Driver" name="labTechnicianLogin" time="2.565"/>
  <testcase classname="OPD_Flow_wise.OPD_Driver" name="labReport" time="14.87"/>
  <testcase classname="OPD_Flow_wise.OPD_Driver" name="labTechnicianLogout" time="2.38"/>
  <testcase classname="OPD_Flow_wise.OPD_Driver" name="labAdminLogin" time="2.549"/>
  <testcase classname="OPD_Flow_wise.OPD_Driver" name="approveReport" time="4.659"/>
  <testcase classname="OPD_Flow_wise.OPD_Driver" name="labAdminLogout" time="2.366"/>
  <testcase classname="OPD_Flow_wise.OPD_Driver" name="PharmacyLogin" time="2.545"/>
  <testcase classname="OPD_Flow_wise.OPD_Driver" name="Phamacist" time="15.276"/>
  <testcase classname="OPD_Flow_wise.OPD_Driver" name="PharmacyLogout" time="2.368"/>
</testsuite> <!-- Default test -->
