<?xml version="1.0" encoding="UTF-8"?>
<!-- Generated by org.testng.reporters.JUnitXMLReporter -->
<testsuite ignored="0" hostname="USPL-298" failures="8" tests="8" name="Test" time="0.063" errors="0" timestamp="2024-11-08T17:49:14 IST">
  <testcase classname="OPD_Flow_wise.OPD_Phlebotomist" name="assignPhlebotomist" time="0.0">
    <failure type="org.testng.TestNGException" message="
Cannot inject @Test annotated Method [assignPhlebotomist] with [interface com.microsoft.playwright.Page, class java.lang.String].
For more information on native dependency injection please refer to https://testng.org/doc/documentation-main.html#native-dependency-injection">
      <![CDATA[org.testng.TestNGException: 
Cannot inject @Test annotated Method [assignPhlebotomist] with [interface com.microsoft.playwright.Page, class java.lang.String].
For more information on native dependency injection please refer to https://testng.org/doc/documentation-main.html#native-dependency-injection
at java.base/java.util.ArrayList.forEach(ArrayList.java:1596)
... Removed 26 stack frames]]>
    </failure>
  </testcase> <!-- assignPhlebotomist -->
  <testcase classname="OPD_Flow_wise.Book_Appointment" name="bookAppointment" time="0.0">
    <failure type="org.testng.TestNGException" message="
Cannot inject @Test annotated Method [bookAppointment] with [interface com.microsoft.playwright.Page, class java.lang.String].
For more information on native dependency injection please refer to https://testng.org/doc/documentation-main.html#native-dependency-injection">
      <![CDATA[org.testng.TestNGException: 
Cannot inject @Test annotated Method [bookAppointment] with [interface com.microsoft.playwright.Page, class java.lang.String].
For more information on native dependency injection please refer to https://testng.org/doc/documentation-main.html#native-dependency-injection
at java.base/java.util.ArrayList.forEach(ArrayList.java:1596)
... Removed 26 stack frames]]>
    </failure>
  </testcase> <!-- bookAppointment -->
  <testcase classname="OPD_Flow_wise.OPD_Lab_Technician" name="labTechnician" time="0.0">
    <failure type="org.testng.TestNGException" message="
Cannot inject @Test annotated Method [labTechnician] with [interface com.microsoft.playwright.Page, class java.lang.String].
For more information on native dependency injection please refer to https://testng.org/doc/documentation-main.html#native-dependency-injection">
      <![CDATA[org.testng.TestNGException: 
Cannot inject @Test annotated Method [labTechnician] with [interface com.microsoft.playwright.Page, class java.lang.String].
For more information on native dependency injection please refer to https://testng.org/doc/documentation-main.html#native-dependency-injection
at java.base/java.util.ArrayList.forEach(ArrayList.java:1596)
... Removed 26 stack frames]]>
    </failure>
  </testcase> <!-- labTechnician -->
  <testcase classname="OPD_Flow_wise.OPD_Pathologist" name="pathologist" time="0.0">
    <failure type="org.testng.TestNGException" message="
Cannot inject @Test annotated Method [pathologist] with [interface com.microsoft.playwright.Page, class java.lang.String].
For more information on native dependency injection please refer to https://testng.org/doc/documentation-main.html#native-dependency-injection">
      <![CDATA[org.testng.TestNGException: 
Cannot inject @Test annotated Method [pathologist] with [interface com.microsoft.playwright.Page, class java.lang.String].
For more information on native dependency injection please refer to https://testng.org/doc/documentation-main.html#native-dependency-injection
at java.base/java.util.ArrayList.forEach(ArrayList.java:1596)
... Removed 26 stack frames]]>
    </failure>
  </testcase> <!-- pathologist -->
  <testcase classname="OPD_Flow_wise.OPD_Pharmacy" name="opdPharmacy" time="0.0">
    <failure type="org.testng.TestNGException" message="
Cannot inject @Test annotated Method [opdPharmacy] with [interface com.microsoft.playwright.Page, class java.lang.String].
For more information on native dependency injection please refer to https://testng.org/doc/documentation-main.html#native-dependency-injection">
      <![CDATA[org.testng.TestNGException: 
Cannot inject @Test annotated Method [opdPharmacy] with [interface com.microsoft.playwright.Page, class java.lang.String].
For more information on native dependency injection please refer to https://testng.org/doc/documentation-main.html#native-dependency-injection
at java.base/java.util.ArrayList.forEach(ArrayList.java:1596)
... Removed 26 stack frames]]>
    </failure>
  </testcase> <!-- opdPharmacy -->
  <testcase classname="OPD_Flow_wise.OPD_EMR" name="opd_EMR" time="0.0">
    <failure type="org.testng.TestNGException" message="
Cannot inject @Test annotated Method [opd_EMR] with [interface com.microsoft.playwright.Page, class java.lang.String].
For more information on native dependency injection please refer to https://testng.org/doc/documentation-main.html#native-dependency-injection">
      <![CDATA[org.testng.TestNGException: 
Cannot inject @Test annotated Method [opd_EMR] with [interface com.microsoft.playwright.Page, class java.lang.String].
For more information on native dependency injection please refer to https://testng.org/doc/documentation-main.html#native-dependency-injection
at java.base/java.util.ArrayList.forEach(ArrayList.java:1596)
... Removed 26 stack frames]]>
    </failure>
  </testcase> <!-- opd_EMR -->
  <testcase classname="OPD_Flow_wise.LAB_FO" name="labFO" time="0.0">
    <failure type="org.testng.TestNGException" message="
Cannot inject @Test annotated Method [labFO] with [interface com.microsoft.playwright.Page, class java.lang.String].
For more information on native dependency injection please refer to https://testng.org/doc/documentation-main.html#native-dependency-injection">
      <![CDATA[org.testng.TestNGException: 
Cannot inject @Test annotated Method [labFO] with [interface com.microsoft.playwright.Page, class java.lang.String].
For more information on native dependency injection please refer to https://testng.org/doc/documentation-main.html#native-dependency-injection
at java.base/java.util.ArrayList.forEach(ArrayList.java:1596)
... Removed 26 stack frames]]>
    </failure>
  </testcase> <!-- labFO -->
  <testcase classname="OPD_Flow_wise.OPD_Lab" name="bookTest" time="0.0">
    <failure type="org.testng.TestNGException" message="
Cannot inject @Test annotated Method [bookTest] with [interface com.microsoft.playwright.Page, class java.lang.String].
For more information on native dependency injection please refer to https://testng.org/doc/documentation-main.html#native-dependency-injection">
      <![CDATA[org.testng.TestNGException: 
Cannot inject @Test annotated Method [bookTest] with [interface com.microsoft.playwright.Page, class java.lang.String].
For more information on native dependency injection please refer to https://testng.org/doc/documentation-main.html#native-dependency-injection
at java.base/java.util.ArrayList.forEach(ArrayList.java:1596)
... Removed 26 stack frames]]>
    </failure>
  </testcase> <!-- bookTest -->
</testsuite> <!-- Test -->
